C:\USERS\ADMINISTRATOR\KEYCOUNTER\DEBUG\KEYBOARDHOOK.DLL
C:\Users\Administrator\KeyCounter\Debug\KeyboardHook.exp
C:\USERS\ADMINISTRATOR\KEYCOUNTER\DEBUG\KEYBOARDHOOK.ILK
C:\Users\Administrator\KeyCounter\Debug\KeyboardHook.lib
C:\USERS\ADMINISTRATOR\KEYCOUNTER\DEBUG\KEYBOARDHOOK.PDB
C:\Users\Administrator\KeyCounter\KeyboardHook\Debug\cl.command.1.tlog
C:\Users\Administrator\KeyCounter\KeyboardHook\Debug\CL.read.1.tlog
C:\Users\Administrator\KeyCounter\KeyboardHook\Debug\CL.write.1.tlog
C:\USERS\ADMINISTRATOR\KEYCOUNTER\KEYBOARDHOOK\DEBUG\KEYBOARD.OBJ
C:\USERS\ADMINISTRATOR\KEYCOUNTER\KEYBOARDHOOK\DEBUG\KEYBOARDHOOK.DLL.EMBED.MANIFEST
C:\USERS\ADMINISTRATOR\KEYCOUNTER\KEYBOARDHOOK\DEBUG\KEYBOARDHOOK.DLL.EMBED.MANIFEST.RES
C:\USERS\ADMINISTRATOR\KEYCOUNTER\KEYBOARDHOOK\DEBUG\KEYBOARDHOOK.DLL.INTERMEDIATE.MANIFEST
C:\Users\Administrator\KeyCounter\KeyboardHook\Debug\KeyboardHook.write.1.tlog
C:\Users\Administrator\KeyCounter\KeyboardHook\Debug\KeyboardHook_manifest.rc
C:\Users\Administrator\KeyCounter\KeyboardHook\Debug\link.9792.read.1.tlog
C:\Users\Administrator\KeyCounter\KeyboardHook\Debug\link.9792.write.1.tlog
C:\Users\Administrator\KeyCounter\KeyboardHook\Debug\link.9792-cvtres.read.1.tlog
C:\Users\Administrator\KeyCounter\KeyboardHook\Debug\link.9792-cvtres.write.1.tlog
C:\Users\Administrator\KeyCounter\KeyboardHook\Debug\link.command.1.tlog
C:\Users\Administrator\KeyCounter\KeyboardHook\Debug\link.read.1.tlog
C:\Users\Administrator\KeyCounter\KeyboardHook\Debug\link.write.1.tlog
C:\Users\Administrator\KeyCounter\KeyboardHook\Debug\link-cvtres.read.1.tlog
C:\Users\Administrator\KeyCounter\KeyboardHook\Debug\link-cvtres.write.1.tlog
C:\Users\Administrator\KeyCounter\KeyboardHook\Debug\mt.command.1.tlog
C:\Users\Administrator\KeyCounter\KeyboardHook\Debug\mt.read.1.tlog
C:\Users\Administrator\KeyCounter\KeyboardHook\Debug\mt.write.1.tlog
C:\Users\Administrator\KeyCounter\KeyboardHook\Debug\rc.command.1.tlog
C:\Users\Administrator\KeyCounter\KeyboardHook\Debug\rc.read.1.tlog
C:\Users\Administrator\KeyCounter\KeyboardHook\Debug\rc.write.1.tlog
C:\Users\Administrator\KeyCounter\KeyboardHook\Debug\vc100.idb
C:\USERS\ADMINISTRATOR\KEYCOUNTER\KEYBOARDHOOK\DEBUG\VC100.PDB
