生成启动时间为 2016/11/22 17:20:48。
     1>项目“c:\Users\administrator\KeyCounter\KeyCounter\KeyCounter.vcxproj”在节点 2 上(build 个目标)。
     1>PrepareForBuild:
         正在创建目录“c:\users\administrator\KeyCounter\Debug\”。
       InitializeBuildStatus:
         正在创建“Debug\KeyCounter.unsuccessfulbuild”，因为已指定“AlwaysCreate”。
       ClCompile:
         C:\Program Files (x86)\Microsoft Visual Studio 10.0\VC\bin\CL.exe /c /ZI /nologo /W3 /WX- /Od /Oy- /D WIN32 /D _WINDOWS /D _DEBUG /D _UNICODE /D UNICODE /Gm /EHsc /RTC1 /MTd /GS /fp:precise /Zc:wchar_t /Zc:forScope /Yc"StdAfx.h" /Fp"Debug\KeyCounter.pch" /Fo"Debug\\" /Fd"Debug\vc100.pdb" /Gd /TP /analyze- /errorReport:prompt stdafx.cpp
         stdafx.cpp
         C:\Program Files (x86)\Microsoft Visual Studio 10.0\VC\bin\CL.exe /c /ZI /nologo /W3 /WX- /Od /Oy- /D WIN32 /D _WINDOWS /D _DEBUG /D _UNICODE /D UNICODE /Gm /EHsc /RTC1 /MTd /GS /fp:precise /Zc:wchar_t /Zc:forScope /Yu"StdAfx.h" /Fp"Debug\KeyCounter.pch" /Fo"Debug\\" /Fd"Debug\vc100.pdb" /Gd /TP /analyze- /errorReport:prompt KeyCounter.cpp KeyCounterDlg.cpp
         KeyCounterDlg.cpp
         KeyCounter.cpp
         正在生成代码...
       ResourceCompile:
         C:\Program Files (x86)\Microsoft SDKs\Windows\v7.0A\bin\rc.exe /D _DEBUG /D _UNICODE /D UNICODE /l"0x0804" /IDebug\ /nologo /fo"Debug\KeyCounter.res" KeyCounter.rc 
       ManifestResourceCompile:
         C:\Program Files (x86)\Microsoft SDKs\Windows\v7.0A\bin\rc.exe /nologo /fo"Debug\KeyCounter.exe.embed.manifest.res" Debug\KeyCounter_manifest.rc 
       Link:
         C:\Program Files (x86)\Microsoft Visual Studio 10.0\VC\bin\link.exe /ERRORREPORT:PROMPT /OUT:"c:\users\administrator\KeyCounter\Debug\KeyCounter.exe" /INCREMENTAL /NOLOGO /MANIFEST /ManifestFile:"Debug\KeyCounter.exe.intermediate.manifest" /MANIFESTUAC:"level='asInvoker' uiAccess='false'" /DEBUG /PDB:"c:\users\administrator\KeyCounter\Debug\KeyCounter.pdb" /SUBSYSTEM:WINDOWS /TLBID:1 /ENTRY:"wWinMainCRTStartup" /DYNAMICBASE /NXCOMPAT /IMPLIB:"c:\users\administrator\KeyCounter\Debug\KeyCounter.lib" /MACHINE:X86 Debug\KeyCounter.res
         Debug\KeyCounter.exe.embed.manifest.res
         Debug\KeyCounter.obj
         Debug\KeyCounterDlg.obj
         Debug\stdafx.obj
       Manifest:
         C:\Program Files (x86)\Microsoft SDKs\Windows\v7.0A\bin\mt.exe /nologo /verbose /out:"Debug\KeyCounter.exe.embed.manifest" /manifest Debug\KeyCounter.exe.intermediate.manifest "C:\Program Files (x86)\Microsoft Visual Studio 10.0\VC\Include\Manifest\dpiaware.manifest"
         C:\Program Files (x86)\Microsoft SDKs\Windows\v7.0A\bin\rc.exe /nologo /fo"Debug\KeyCounter.exe.embed.manifest.res" Debug\KeyCounter_manifest.rc 
       LinkEmbedManifest:
         C:\Program Files (x86)\Microsoft Visual Studio 10.0\VC\bin\link.exe /ERRORREPORT:PROMPT /OUT:"c:\users\administrator\KeyCounter\Debug\KeyCounter.exe" /INCREMENTAL /NOLOGO /MANIFEST /ManifestFile:"Debug\KeyCounter.exe.intermediate.manifest" /MANIFESTUAC:"level='asInvoker' uiAccess='false'" /DEBUG /PDB:"c:\users\administrator\KeyCounter\Debug\KeyCounter.pdb" /SUBSYSTEM:WINDOWS /TLBID:1 /ENTRY:"wWinMainCRTStartup" /DYNAMICBASE /NXCOMPAT /IMPLIB:"c:\users\administrator\KeyCounter\Debug\KeyCounter.lib" /MACHINE:X86 Debug\KeyCounter.res
         Debug\KeyCounter.exe.embed.manifest.res
         Debug\KeyCounter.obj
         Debug\KeyCounterDlg.obj
         Debug\stdafx.obj
         KeyCounter.vcxproj -> c:\users\administrator\KeyCounter\Debug\KeyCounter.exe
       FinalizeBuildStatus:
         正在删除文件“Debug\KeyCounter.unsuccessfulbuild”。
         正在对“Debug\KeyCounter.lastbuildstate”执行 Touch 任务。
     1>已完成生成项目“c:\Users\administrator\KeyCounter\KeyCounter\KeyCounter.vcxproj”(build 个目标)的操作。

生成成功。

已用时间 00:00:14.80
