C:\USERS\ADMINISTRATOR\KEYCOUNTER\DEBUG\KEYCOUNTER.EXE
C:\USERS\ADMINISTRATOR\KEYCOUNTER\DEBUG\KEYCOUNTER.ILK
C:\USERS\ADMINISTRATOR\KEYCOUNTER\DEBUG\KEYCOUNTER.PDB
C:\Users\Administrator\KeyCounter\KeyCounter\Debug\cl.command.1.tlog
C:\Users\Administrator\KeyCounter\KeyCounter\Debug\CL.read.1.tlog
C:\Users\Administrator\KeyCounter\KeyCounter\Debug\CL.write.1.tlog
C:\USERS\ADMINISTRATOR\KEYCOUNTER\KEYCOUNTER\DEBUG\KEYCOUNTER.EXE.EMBED.MANIFEST
C:\USERS\ADMINISTRATOR\KEYCOUNTER\KEYCOUNTER\DEBUG\KEYCOUNTER.EXE.EMBED.MANIFEST.RES
C:\USERS\ADMINISTRATOR\KEYCOUNTER\KEYCOUNTER\DEBUG\KEYCOUNTER.EXE.INTERMEDIATE.MANIFEST
C:\USERS\ADMINISTRATOR\KEYCOUNTER\KEYCOUNTER\DEBUG\KEYCOUNTER.OBJ
C:\USERS\ADMINISTRATOR\KEYCOUNTER\KEYCOUNTER\DEBUG\KEYCOUNTER.PCH
C:\USERS\ADMINISTRATOR\KEYCOUNTER\KEYCOUNTER\DEBUG\KEYCOUNTER.RES
C:\Users\Administrator\KeyCounter\KeyCounter\Debug\KeyCounter.write.1.tlog
C:\Users\Administrator\KeyCounter\KeyCounter\Debug\KeyCounter_manifest.rc
C:\USERS\ADMINISTRATOR\KEYCOUNTER\KEYCOUNTER\DEBUG\KEYCOUNTERDLG.OBJ
C:\Users\Administrator\KeyCounter\KeyCounter\Debug\link.11064.read.1.tlog
C:\Users\Administrator\KeyCounter\KeyCounter\Debug\link.11064.write.1.tlog
C:\Users\Administrator\KeyCounter\KeyCounter\Debug\link.11064-cvtres.read.1.tlog
C:\Users\Administrator\KeyCounter\KeyCounter\Debug\link.11064-cvtres.write.1.tlog
C:\Users\Administrator\KeyCounter\KeyCounter\Debug\link.3140.read.1.tlog
C:\Users\Administrator\KeyCounter\KeyCounter\Debug\link.3140.write.1.tlog
C:\Users\Administrator\KeyCounter\KeyCounter\Debug\link.3140-cvtres.read.1.tlog
C:\Users\Administrator\KeyCounter\KeyCounter\Debug\link.3140-cvtres.write.1.tlog
C:\Users\Administrator\KeyCounter\KeyCounter\Debug\link.5252.read.1.tlog
C:\Users\Administrator\KeyCounter\KeyCounter\Debug\link.5252.write.1.tlog
C:\Users\Administrator\KeyCounter\KeyCounter\Debug\link.5252-cvtres.read.1.tlog
C:\Users\Administrator\KeyCounter\KeyCounter\Debug\link.5252-cvtres.write.1.tlog
C:\Users\Administrator\KeyCounter\KeyCounter\Debug\link.7876.read.1.tlog
C:\Users\Administrator\KeyCounter\KeyCounter\Debug\link.7876.write.1.tlog
C:\Users\Administrator\KeyCounter\KeyCounter\Debug\link.7876-cvtres.read.1.tlog
C:\Users\Administrator\KeyCounter\KeyCounter\Debug\link.7876-cvtres.write.1.tlog
C:\Users\Administrator\KeyCounter\KeyCounter\Debug\link.command.1.tlog
C:\Users\Administrator\KeyCounter\KeyCounter\Debug\link.read.1.tlog
C:\Users\Administrator\KeyCounter\KeyCounter\Debug\link.write.1.tlog
C:\Users\Administrator\KeyCounter\KeyCounter\Debug\link-cvtres.read.1.tlog
C:\Users\Administrator\KeyCounter\KeyCounter\Debug\link-cvtres.write.1.tlog
C:\Users\Administrator\KeyCounter\KeyCounter\Debug\mt.command.1.tlog
C:\Users\Administrator\KeyCounter\KeyCounter\Debug\mt.read.1.tlog
C:\Users\Administrator\KeyCounter\KeyCounter\Debug\mt.write.1.tlog
C:\Users\Administrator\KeyCounter\KeyCounter\Debug\rc.command.1.tlog
C:\Users\Administrator\KeyCounter\KeyCounter\Debug\rc.read.1.tlog
C:\Users\Administrator\KeyCounter\KeyCounter\Debug\rc.write.1.tlog
C:\USERS\ADMINISTRATOR\KEYCOUNTER\KEYCOUNTER\DEBUG\STDAFX.OBJ
C:\Users\Administrator\KeyCounter\KeyCounter\Debug\vc100.idb
C:\USERS\ADMINISTRATOR\KEYCOUNTER\KEYCOUNTER\DEBUG\VC100.PDB
